<?xml version="1.0" encoding="UTF-8"?>
<testsuites>
    <testsuite name="notes-ui;make-and-save-and-change-a-note" tests="18" failures="1" skipped="7">
        <properties>
            <property name="URI" value="/home/hackimedes/integrated-security-example/features/note_taker.feature">
            </property>
        </properties>
        <testcase name="Given Wait 1 seconds between steps" classname="notes-ui;make-and-save-and-change-a-note" time="0.001297358">
        </testcase>
        <testcase name="Given the account named &quot;foo&lt;script&gt;alert(1)&lt;/script&gt;{{2+2}}&quot; with password &quot;foo&quot;" classname="notes-ui;make-and-save-and-change-a-note" time="0.134748104">
        </testcase>
        <testcase name="When I login as &quot;foo&lt;script&gt;alert(1)&lt;/script&gt;{{2+2}}&quot; with password &quot;foo&quot;" classname="notes-ui;make-and-save-and-change-a-note" time="1.054883983">
        </testcase>
        <testcase name="Then I should see the &quot;allNotesTitle&quot; element" classname="notes-ui;make-and-save-and-change-a-note" time="0.026559917">
        </testcase>
        <testcase name="When I click on &quot;newNote&quot;" classname="notes-ui;make-and-save-and-change-a-note" time="0.080060309">
        </testcase>
        <testcase name="Then I should see the &quot;notetitle&quot; element" classname="notes-ui;make-and-save-and-change-a-note" time="0.026910877">
        </testcase>
        <testcase name="And I should see the &quot;notebody&quot; element" classname="notes-ui;make-and-save-and-change-a-note" time="0.022804869">
        </testcase>
        <testcase name="When I clear and fill in &quot;notetitle&quot; with &quot;hello this is my note title&lt;script&gt;alert(1)&lt;/script&gt;&quot;" classname="notes-ui;make-and-save-and-change-a-note" time="0.277321408">
        </testcase>
        <testcase name="And I clear and fill in &quot;notebody&quot; with &quot;hello this is my note body!&quot;" classname="notes-ui;make-and-save-and-change-a-note" time="0.217808116">
        </testcase>
        <testcase name="And I click on &quot;saveButton&quot;" classname="notes-ui;make-and-save-and-change-a-note" time="0.068608283">
        </testcase>
        <testcase name="Then I should see the &quot;notetitle&quot; element containing &quot;hello this is my note title&quot;" classname="notes-ui;make-and-save-and-change-a-note" time="0.015724783">
            <failure message="UnexpectedAlertOpenError: unexpected alert open: {Alert text : 1}">UnexpectedAlertOpenError: unexpected alert open: {Alert text : 1}
  (Session info: chrome=73.0.3683.103)
  (Driver info: chromedriver=2.46.628388 (4a34a70827ac54148e092aafb70504c4ea7ae926),platform=Linux 4.15.0-46-generic x86_64)
    at Object.checkLegacyResponse (/home/hackimedes/integrated-security-example/node_modules/selenium-cucumber-js/node_modules/selenium-webdriver/lib/error.js:536:13)
    at parseHttpResponse (/home/hackimedes/integrated-security-example/node_modules/selenium-cucumber-js/node_modules/selenium-webdriver/lib/http.js:509:13)
    at doSend.then.response (/home/hackimedes/integrated-security-example/node_modules/selenium-cucumber-js/node_modules/selenium-webdriver/lib/http.js:441:30)
    at &lt;anonymous&gt;
    at process._tickCallback (internal/process/next_tick.js:188:7)
From: Task: WebDriver.findElements(By(css selector, *[id=&quot;notetitle&quot;]))
    at thenableWebDriverProxy.schedule (/home/hackimedes/integrated-security-example/node_modules/selenium-cucumber-js/node_modules/selenium-webdriver/lib/webdriver.js:807:17)
    at thenableWebDriverProxy.findElements (/home/hackimedes/integrated-security-example/node_modules/selenium-cucumber-js/node_modules/selenium-webdriver/lib/webdriver.js:1048:22)
    at /home/hackimedes/integrated-security-example/node_modules/selenium-cucumber-js/node_modules/selenium-webdriver/lib/until.js:243:23
    at /home/hackimedes/integrated-security-example/node_modules/selenium-cucumber-js/node_modules/selenium-webdriver/lib/webdriver.js:938:14
    at TaskQueue.execute_ (/home/hackimedes/integrated-security-example/node_modules/selenium-cucumber-js/node_modules/selenium-webdriver/lib/promise.js:3092:14)
    at TaskQueue.executeNext_ (/home/hackimedes/integrated-security-example/node_modules/selenium-cucumber-js/node_modules/selenium-webdriver/lib/promise.js:3075:27)
    at asyncRun (/home/hackimedes/integrated-security-example/node_modules/selenium-cucumber-js/node_modules/selenium-webdriver/lib/promise.js:2982:25)
    at /home/hackimedes/integrated-security-example/node_modules/selenium-cucumber-js/node_modules/selenium-webdriver/lib/promise.js:676:7
    at &lt;anonymous&gt;
    at process._tickCallback (internal/process/next_tick.js:188:7)
From: Task: &lt;anonymous&gt;
    at pollCondition (/home/hackimedes/integrated-security-example/node_modules/selenium-cucumber-js/node_modules/selenium-webdriver/lib/promise.js:2203:19)
    at /home/hackimedes/integrated-security-example/node_modules/selenium-cucumber-js/node_modules/selenium-webdriver/lib/promise.js:2199:7
    at new ManagedPromise (/home/hackimedes/integrated-security-example/node_modules/selenium-cucumber-js/node_modules/selenium-webdriver/lib/promise.js:1085:7)
    at ControlFlow.promise (/home/hackimedes/integrated-security-example/node_modules/selenium-cucumber-js/node_modules/selenium-webdriver/lib/promise.js:2513:12)
    at /home/hackimedes/integrated-security-example/node_modules/selenium-cucumber-js/node_modules/selenium-webdriver/lib/promise.js:2198:22
    at TaskQueue.execute_ (/home/hackimedes/integrated-security-example/node_modules/selenium-cucumber-js/node_modules/selenium-webdriver/lib/promise.js:3092:14)
    at TaskQueue.executeNext_ (/home/hackimedes/integrated-security-example/node_modules/selenium-cucumber-js/node_modules/selenium-webdriver/lib/promise.js:3075:27)
    at asyncRun (/home/hackimedes/integrated-security-example/node_modules/selenium-cucumber-js/node_modules/selenium-webdriver/lib/promise.js:2982:25)
    at /home/hackimedes/integrated-security-example/node_modules/selenium-cucumber-js/node_modules/selenium-webdriver/lib/promise.js:676:7
    at &lt;anonymous&gt;
    at process._tickCallback (internal/process/next_tick.js:188:7)
From: Task: Waiting for element to be located By(css selector, *[id=&quot;notetitle&quot;])
    at scheduleWait (/home/hackimedes/integrated-security-example/node_modules/selenium-cucumber-js/node_modules/selenium-webdriver/lib/promise.js:2196:20)
    at ControlFlow.wait (/home/hackimedes/integrated-security-example/node_modules/selenium-cucumber-js/node_modules/selenium-webdriver/lib/promise.js:2525:12)
    at thenableWebDriverProxy.wait (/home/hackimedes/integrated-security-example/node_modules/selenium-cucumber-js/node_modules/selenium-webdriver/lib/webdriver.js:934:29)
    at createWorld.&lt;anonymous&gt; (/home/hackimedes/integrated-security-example/step-definitions/note_taker.js:113:23)
    at _combinedTickCallback (internal/process/next_tick.js:131:7)
    at process._tickCallback (internal/process/next_tick.js:180:9)</failure>
        </testcase>
        <testcase name="And I should see the &quot;notebody&quot; element containing &quot;hello this is my note body!&quot;" classname="notes-ui;make-and-save-and-change-a-note">
            <skipped message="">
            </skipped>
        </testcase>
        <testcase name="And I click on &quot;allNotes&quot;" classname="notes-ui;make-and-save-and-change-a-note">
            <skipped message="">
            </skipped>
        </testcase>
        <testcase name="Then I should see the &quot;allNotesTitle&quot; element" classname="notes-ui;make-and-save-and-change-a-note">
            <skipped message="">
            </skipped>
        </testcase>
        <testcase name="And I should see 1 note on the notes page" classname="notes-ui;make-and-save-and-change-a-note">
            <skipped message="">
            </skipped>
        </testcase>
        <testcase name="When I click on the link with the text &quot;hello this is my note title&quot;" classname="notes-ui;make-and-save-and-change-a-note">
            <skipped message="">
            </skipped>
        </testcase>
        <testcase name="Then I should see the &quot;notetitle&quot; element containing &quot;hello this is my note title&quot;" classname="notes-ui;make-and-save-and-change-a-note">
            <skipped message="">
            </skipped>
        </testcase>
        <testcase name="And I should see the &quot;notebody&quot; element containing &quot;hello this is my note body!&quot;" classname="notes-ui;make-and-save-and-change-a-note">
            <skipped message="">
            </skipped>
        </testcase>
    </testsuite>
    <testsuite name="notes-ui;make-and-change-a-note" tests="21" failures="0" skipped="0">
        <properties>
            <property name="URI" value="/home/hackimedes/integrated-security-example/features/note_taker.feature">
            </property>
        </properties>
        <testcase name="Given Wait 1 seconds between steps" classname="notes-ui;make-and-change-a-note" time="0.000548542">
        </testcase>
        <testcase name="Given the account named &quot;alice&quot; with password &quot;alice&quot;" classname="notes-ui;make-and-change-a-note" time="0.101991333">
        </testcase>
        <testcase name="Given the account named &quot;bob&quot; with password &quot;bob&quot;" classname="notes-ui;make-and-change-a-note" time="0.102514602">
        </testcase>
        <testcase name="When I login as &quot;alice&quot; with password &quot;alice&quot;" classname="notes-ui;make-and-change-a-note" time="0.649606992">
        </testcase>
        <testcase name="And I click on &quot;newNote&quot;" classname="notes-ui;make-and-change-a-note" time="0.075548937">
        </testcase>
        <testcase name="Then I should see the &quot;notebody&quot; element" classname="notes-ui;make-and-change-a-note" time="0.021480535">
        </testcase>
        <testcase name="And I should see the name &quot;alice&quot; up top" classname="notes-ui;make-and-change-a-note" time="0.05650494">
        </testcase>
        <testcase name="When I clear and fill in &quot;notetitle&quot; with &quot;hello this is my note title&quot;" classname="notes-ui;make-and-change-a-note" time="0.223702541">
        </testcase>
        <testcase name="And I clear and fill in &quot;notebody&quot; with &quot;hello this is my note body!&quot;" classname="notes-ui;make-and-change-a-note" time="0.21672739">
        </testcase>
        <testcase name="And I click on &quot;saveButton&quot;" classname="notes-ui;make-and-change-a-note" time="0.081836651">
        </testcase>
        <testcase name="Then I should see the &quot;notebody&quot; element containing &quot;hello this is my note body!&quot;" classname="notes-ui;make-and-change-a-note" time="0.040304317">
        </testcase>
        <testcase name="When I clear and fill in &quot;share&quot; with &quot;bob&quot;" classname="notes-ui;make-and-change-a-note" time="0.15258752">
        </testcase>
        <testcase name="And I click on &quot;shareButton&quot;" classname="notes-ui;make-and-change-a-note" time="0.075046978">
        </testcase>
        <testcase name="Then I should see the &quot;shareresult&quot; element containing &quot;bob&quot;" classname="notes-ui;make-and-change-a-note" time="0.053767206">
        </testcase>
        <testcase name="When I login as &quot;bob&quot; with password &quot;bob&quot;" classname="notes-ui;make-and-change-a-note" time="0.505781839">
        </testcase>
        <testcase name="Then I should see 1 note on the notes page" classname="notes-ui;make-and-change-a-note" time="0.018437032">
        </testcase>
        <testcase name="And I should see the name &quot;bob&quot; up top" classname="notes-ui;make-and-change-a-note" time="0.05658875">
        </testcase>
        <testcase name="When I click on the link with the text &quot;hello this is my note title&quot;" classname="notes-ui;make-and-change-a-note" time="0.149700656">
        </testcase>
        <testcase name="And I should see the name &quot;bob&quot; up top" classname="notes-ui;make-and-change-a-note" time="0.042618595">
        </testcase>
        <testcase name="Then I should see the &quot;notetitle&quot; element containing &quot;hello this is my note title&quot;" classname="notes-ui;make-and-change-a-note" time="0.054821096">
        </testcase>
        <testcase name="And I should see the &quot;notebody&quot; element containing &quot;hello this is my note body!&quot;" classname="notes-ui;make-and-change-a-note" time="0.047101467">
        </testcase>
    </testsuite>
</testsuites>